<?xml version="1.0" encoding="UTF-8"?>
<testng-results skipped="0" failed="0" total="1" passed="1">
  <reporter-output>
  </reporter-output>
  <suite name="Vitreos" duration-ms="14792" started-at="2016-03-03T19:46:43Z" finished-at="2016-03-03T19:46:58Z">
    <groups>
    </groups>
    <test name="Vitreos Test Result Firefox" duration-ms="14792" started-at="2016-03-03T19:46:43Z" finished-at="2016-03-03T19:46:58Z">
      <class name="com.emaimail.EmailTest">
        <test-method status="PASS" signature="beforeTest()[pri:0, instance:com.emaimail.EmailTest@1c2c22f3]" name="beforeTest" is-config="true" duration-ms="14651" started-at="2016-03-04T01:16:43Z" finished-at="2016-03-04T01:16:58Z">
          <reporter-output>
          </reporter-output>
        </test-method> <!-- beforeTest -->
        <test-method status="PASS" signature="f()[pri:0, instance:com.emaimail.EmailTest@1c2c22f3]" name="f" duration-ms="125" started-at="2016-03-04T01:16:58Z" finished-at="2016-03-04T01:16:58Z">
          <reporter-output>
          </reporter-output>
        </test-method> <!-- f -->
      </class> <!-- com.emaimail.EmailTest -->
    </test> <!-- Vitreos Test Result Firefox -->
  </suite> <!-- Vitreos -->
</testng-results>
