<?xml version="1.0" encoding="UTF-8"?>
<testng-results skipped="0" failed="0" total="1" passed="1">
  <reporter-output>
  </reporter-output>
  <suite name="Default suite" duration-ms="15357" started-at="2017-03-31T14:36:49Z" finished-at="2017-03-31T14:37:04Z">
    <groups>
    </groups>
    <test name="Default test" duration-ms="15357" started-at="2017-03-31T14:36:49Z" finished-at="2017-03-31T14:37:04Z">
      <class name="com.emaimail.EmailTest">
        <test-method status="PASS" signature="beforeTest()[pri:0, instance:com.emaimail.EmailTest@f5f2bb7]" name="beforeTest" is-config="true" duration-ms="13227" started-at="2017-03-31T20:06:49Z" finished-at="2017-03-31T20:07:02Z">
          <reporter-output>
          </reporter-output>
        </test-method> <!-- beforeTest -->
        <test-method status="PASS" signature="verifyAutoCompleteText()[pri:1, instance:com.emaimail.EmailTest@f5f2bb7]" name="verifyAutoCompleteText" duration-ms="2111" started-at="2017-03-31T20:07:02Z" description="AutoCompletFromSearchField" finished-at="2017-03-31T20:07:04Z">
          <reporter-output>
          </reporter-output>
        </test-method> <!-- verifyAutoCompleteText -->
      </class> <!-- com.emaimail.EmailTest -->
    </test> <!-- Default test -->
  </suite> <!-- Default suite -->
</testng-results>
